<?xml version="1.0" encoding="UTF-8"?>
<!-- Generated by org.testng.reporters.JUnitReportReporter -->
<testsuite skipped="0" hostname="DESKTOP-UHN4BR8" name="phonezone_TestCase.Admin_View_Category" tests="6" failures="0" timestamp="20 Jan 2019 16:38:10 GMT" time="230.870" errors="0">
  <testcase name="go_to_side_nav_bar" time="0.918" classname="phonezone_TestCase.Admin_View_Category"/>
  <testcase name="edit_view_category" time="11.161" classname="phonezone_TestCase.Admin_View_Category"/>
  <testcase name="verify_the_search_functionality" time="6.434" classname="phonezone_TestCase.Admin_View_Category"/>
  <testcase name="verify_the_pagination_of_searching_records" time="73.851" classname="phonezone_TestCase.Admin_View_Category"/>
  <testcase name="verify_the_filter_dropdown" time="127.042" classname="phonezone_TestCase.Admin_View_Category"/>
  <testcase name="verify_the_update_edit_btn_in_view_category" time="11.464" classname="phonezone_TestCase.Admin_View_Category"/>
</testsuite> <!-- phonezone_TestCase.Admin_View_Category -->
