<?xml version="1.0" encoding="UTF-8"?>
<!-- Generated by org.testng.reporters.JUnitReportReporter -->
<testsuite skipped="0" hostname="Deepak-PC" name="phonezoneproject.AdminTest" tests="4" failures="0" timestamp="11 Jan 2019 19:54:00 GMT" time="41.611" errors="0">
  <testcase name="admin_button_test" time="11.858" classname="phonezoneproject.AdminTest"/>
  <testcase name="admin_page_all_element_is_present" time="9.757" classname="phonezoneproject.AdminTest"/>
  <testcase name="click_on_forgot_pass" time="9.751" classname="phonezoneproject.AdminTest"/>
  <testcase name="return_to_admin_login_page" time="10.245" classname="phonezoneproject.AdminTest"/>
</testsuite> <!-- phonezoneproject.AdminTest -->
