<?xml version="1.0" encoding="UTF-8"?>
<!-- Generated by org.testng.reporters.JUnitReportReporter -->
<testsuite skipped="0" hostname="Deepak-PC" name="PZ_end_to_end_test.StaffDashboardTest" tests="11" failures="0" timestamp="28 Jan 2019 18:12:05 GMT" time="75.763" errors="0">
  <testcase name="login_to_Admin_page" time="13.030" classname="PZ_end_to_end_test.StaffDashboardTest"/>
  <testcase name="staffLogin_and_StoreSelector" time="4.689" classname="PZ_end_to_end_test.StaffDashboardTest"/>
  <testcase name="NavigateToDashboardViaTopMenu" time="6.938" classname="PZ_end_to_end_test.StaffDashboardTest"/>
  <testcase name="StockTakeMenu" time="4.679" classname="PZ_end_to_end_test.StaffDashboardTest"/>
  <testcase name="SortByBarcodeAscending" time="3.324" classname="PZ_end_to_end_test.StaffDashboardTest"/>
  <testcase name="SortByBarcodeDescending" time="3.411" classname="PZ_end_to_end_test.StaffDashboardTest"/>
  <testcase name="SortByTitleAscending" time="3.507" classname="PZ_end_to_end_test.StaffDashboardTest"/>
  <testcase name="SortByTitleDescending" time="3.071" classname="PZ_end_to_end_test.StaffDashboardTest"/>
  <testcase name="SearchProductByName" time="11.813" classname="PZ_end_to_end_test.StaffDashboardTest"/>
  <testcase name="SendStock" time="0.000" classname="PZ_end_to_end_test.StaffDashboardTest"/>
  <testcase name="DownloadStockTake" time="21.301" classname="PZ_end_to_end_test.StaffDashboardTest"/>
</testsuite> <!-- PZ_end_to_end_test.StaffDashboardTest -->
