<?xml version="1.0" encoding="UTF-8"?>
<!-- Generated by org.testng.reporters.JUnitReportReporter -->
<testsuite skipped="0" hostname="Amvrin-PC" name="phonezoneproject.Plt" tests="1" failures="0" timestamp="21 Jan 2019 16:39:32 GMT" time="28.548" errors="0">
  <testcase name="sear" time="28.548" classname="phonezoneproject.Plt"/>
</testsuite> <!-- phonezoneproject.Plt -->
