<?xml version="1.0" encoding="UTF-8"?>
<!-- Generated by org.testng.reporters.JUnitReportReporter -->
<testsuite skipped="0" hostname="Deepak-PC" name="PZ_end_to_end_test.Viewcart" tests="1" failures="0" timestamp="25 Jan 2019 20:53:59 GMT" time="14.261" errors="0">
  <testcase name="cartview" time="14.261" classname="PZ_end_to_end_test.Viewcart"/>
</testsuite> <!-- PZ_end_to_end_test.Viewcart -->
