<?xml version="1.0" encoding="UTF-8"?>
<!-- Generated by org.testng.reporters.JUnitReportReporter -->
<testsuite skipped="0" hostname="Deepak-PC" name="phonezone_TestCase.StaffTest" tests="1" failures="0" timestamp="14 Jan 2019 17:56:21 GMT" time="13.548" errors="0">
  <testcase name="staff_button_test" time="13.548" classname="phonezone_TestCase.StaffTest"/>
</testsuite> <!-- phonezone_TestCase.StaffTest -->
