<?xml version="1.0" encoding="UTF-8"?>
<!-- Generated by org.testng.reporters.JUnitReportReporter -->
<testsuite skipped="0" hostname="Amvrin-PC" name="phonezoneproject.Test1" tests="1" failures="0" timestamp="14 Jan 2019 22:55:06 GMT" time="6.238" errors="0">
  <testcase name="a" time="6.238" classname="phonezoneproject.Test1"/>
</testsuite> <!-- phonezoneproject.Test1 -->
