<?xml version="1.0" encoding="UTF-8"?>
<!-- Generated by org.testng.reporters.JUnitReportReporter -->
<testsuite skipped="0" hostname="Deepak-PC" name="phonezone_TestCase.AdminTest" tests="5" failures="0" timestamp="14 Jan 2019 15:18:53 GMT" time="50.679" errors="0">
  <testcase name="admin_page_all_element_is_present" time="8.856" classname="phonezone_TestCase.AdminTest"/>
  <testcase name="click_on_forgot_pass" time="9.155" classname="phonezone_TestCase.AdminTest"/>
  <testcase name="return_to_admin_login_page" time="9.836" classname="phonezone_TestCase.AdminTest"/>
  <testcase name="admin_button_test" time="13.226" classname="phonezone_TestCase.AdminTest"/>
  <testcase name="click_on_Main_Menu_btn" time="9.606" classname="phonezone_TestCase.AdminTest"/>
</testsuite> <!-- phonezone_TestCase.AdminTest -->
