<?xml version="1.0" encoding="UTF-8"?>
<!-- Generated by org.testng.reporters.JUnitReportReporter -->
<testsuite skipped="0" hostname="Deepak-PC" name="PZ_end_to_end_test.Savecart" tests="1" failures="0" timestamp="25 Jan 2019 20:53:59 GMT" time="29.671" errors="0">
  <testcase name="cart" time="29.671" classname="PZ_end_to_end_test.Savecart"/>
</testsuite> <!-- PZ_end_to_end_test.Savecart -->
