<?xml version="1.0" encoding="UTF-8"?>
<!-- Generated by org.testng.reporters.JUnitReportReporter -->
<testsuite skipped="0" hostname="Deepak-PC" name="phonezoneproject_BaseClass.Adminlogin_credential" tests="1" failures="0" timestamp="14 Jan 2019 18:48:32 GMT" time="14.173" errors="0">
  <testcase name="login_Admin_page" time="14.173" classname="phonezoneproject_BaseClass.Adminlogin_credential"/>
</testsuite> <!-- phonezoneproject_BaseClass.Adminlogin_credential -->
