<?xml version="1.0" encoding="UTF-8"?>
<!-- Generated by org.testng.reporters.JUnitReportReporter -->
<testsuite skipped="0" hostname="Deepak-PC" name="phonezone_TestCase.WholesalerTest" tests="1" failures="0" timestamp="14 Jan 2019 17:56:21 GMT" time="13.907" errors="0">
  <testcase name="wholesaler_button_test" time="13.907" classname="phonezone_TestCase.WholesalerTest"/>
</testsuite> <!-- phonezone_TestCase.WholesalerTest -->
