<?xml version="1.0" encoding="UTF-8"?>
<!-- Generated by org.testng.reporters.JUnitReportReporter -->
<testsuite skipped="0" hostname="Deepak-PC" name="phonezone_TestCase.Admin_Homepage" tests="8" failures="0" timestamp="16 Jan 2019 20:11:13 GMT" time="27.183" errors="0">
  <testcase name="Verify_side_navigation_bar_special_order" time="0.266" classname="phonezone_TestCase.Admin_Homepage"/>
  <testcase name="click_on_the_send_special_order" time="1.562" classname="phonezone_TestCase.Admin_Homepage"/>
  <testcase name="verify_the_elements_is_exsist" time="0.292" classname="phonezone_TestCase.Admin_Homepage"/>
  <testcase name="select_store_drop_down_click" time="0.104" classname="phonezone_TestCase.Admin_Homepage"/>
  <testcase name="validate_the_send_button_set_feilds_empty" time="2.062" classname="phonezone_TestCase.Admin_Homepage"/>
  <testcase name="validate_the_send_button_not_select_dropdown" time="0.768" classname="phonezone_TestCase.Admin_Homepage"/>
  <testcase name="select_data_from_dropdown_of_select_store" time="14.918" classname="phonezone_TestCase.Admin_Homepage"/>
  <testcase name="validate_the_send_btn" time="7.211" classname="phonezone_TestCase.Admin_Homepage"/>
</testsuite> <!-- phonezone_TestCase.Admin_Homepage -->
