<?xml version="1.0" encoding="UTF-8"?>
<!-- Generated by org.testng.reporters.JUnitReportReporter -->
<testsuite skipped="0" hostname="Deepak-PC" name="phonezone_TestCase.Admin_Homepage" tests="1" failures="0" timestamp="14 Jan 2019 15:24:17 GMT" time="9.021" errors="0">
  <testcase name="welcome_to_Admin_page" time="9.021" classname="phonezone_TestCase.Admin_Homepage"/>
</testsuite> <!-- phonezone_TestCase.Admin_Homepage -->
