<?xml version="1.0" encoding="UTF-8"?>
<!-- Generated by org.testng.reporters.JUnitReportReporter -->
<testsuite skipped="0" hostname="Amvrin-PC" name="phonezoneproject.Wvcart" tests="1" failures="0" timestamp="23 Jan 2019 20:27:48 GMT" time="45.607" errors="0">
  <testcase name="wcartview" time="45.607" classname="phonezoneproject.Wvcart"/>
</testsuite> <!-- phonezoneproject.Wvcart -->
