<?xml version="1.0" encoding="UTF-8"?>
<!-- Generated by org.testng.reporters.JUnitReportReporter -->
<testsuite skipped="0" hostname="Deepak-PC" name="PZ_end_to_end_test.Savecart" tests="1" failures="0" timestamp="28 Jan 2019 18:12:05 GMT" time="35.570" errors="0">
  <testcase name="cart" time="35.570" classname="PZ_end_to_end_test.Savecart"/>
</testsuite> <!-- PZ_end_to_end_test.Savecart -->
