<?xml version="1.0" encoding="UTF-8"?>
<!-- Generated by org.testng.reporters.JUnitReportReporter -->
<testsuite skipped="0" hostname="Deepak-PC" name="phonezone_TestCase.Admin_PM_View_Category" tests="6" failures="0" timestamp="31 Jan 2019 20:28:36 GMT" time="189.090" errors="0">
  <testcase name="edit_view_category" time="3.166" classname="phonezone_TestCase.Admin_PM_View_Category"/>
  <testcase name="verify_the_pagination_of_searching_records" time="32.268" classname="phonezone_TestCase.Admin_PM_View_Category"/>
  <testcase name="verify_the_filterby_and_pagination_dropdown" time="96.639" classname="phonezone_TestCase.Admin_PM_View_Category"/>
  <testcase name="verify_the_search_functionality" time="3.681" classname="phonezone_TestCase.Admin_PM_View_Category"/>
  <testcase name="verify_the_update_edit_btn_in_view_category" time="10.076" classname="phonezone_TestCase.Admin_PM_View_Category"/>
  <testcase name="verify_the_delete_functionality" time="43.260" classname="phonezone_TestCase.Admin_PM_View_Category"/>
</testsuite> <!-- phonezone_TestCase.Admin_PM_View_Category -->
