<?xml version="1.0" encoding="UTF-8"?>
<!-- Generated by org.testng.reporters.JUnitReportReporter -->
<testsuite skipped="0" hostname="Deepak-PC" name="phonezoneproject.beforeandafterclassTest" tests="1" failures="0" timestamp="03 Jan 2019 20:13:57 GMT" time="16.300" errors="0">
  <testcase name="testurl" time="16.300" classname="phonezoneproject.beforeandafterclassTest"/>
</testsuite> <!-- phonezoneproject.beforeandafterclassTest -->
