<?xml version="1.0" encoding="UTF-8"?>
<!-- Generated by org.testng.reporters.JUnitReportReporter -->
<testsuite skipped="0" hostname="Deepak-PC" name="PZ_end_to_end_test.Viewcart" tests="1" failures="0" timestamp="28 Jan 2019 18:12:05 GMT" time="9.960" errors="0">
  <testcase name="cartview" time="9.960" classname="PZ_end_to_end_test.Viewcart"/>
</testsuite> <!-- PZ_end_to_end_test.Viewcart -->
