<?xml version="1.0" encoding="UTF-8"?>
<!-- Generated by org.testng.reporters.JUnitReportReporter -->
<testsuite skipped="0" hostname="Deepak-PC" name="phonezoneproject.AdminTest" tests="1" failures="0" timestamp="10 Jan 2019 14:47:26 GMT" time="15.306" errors="0">
  <testcase name="admin_button_test" time="15.306" classname="phonezoneproject.AdminTest"/>
</testsuite> <!-- phonezoneproject.AdminTest -->
