<?xml version="1.0" encoding="UTF-8"?>
<!-- Generated by org.testng.reporters.JUnitReportReporter -->
<testsuite skipped="0" hostname="Amvrin-PC" name="phonezoneproject.Wscart" tests="1" failures="0" timestamp="23 Jan 2019 21:34:55 GMT" time="96.968" errors="0">
  <testcase name="wscs" time="96.968" classname="phonezoneproject.Wscart"/>
</testsuite> <!-- phonezoneproject.Wscart -->
