<?xml version="1.0" encoding="UTF-8"?>
<!-- Generated by org.testng.reporters.JUnitReportReporter -->
<testsuite skipped="0" hostname="Deepak-PC" name="phonezone_TestCase.AdminTest" tests="5" failures="0" timestamp="14 Jan 2019 17:56:21 GMT" time="52.726" errors="0">
  <testcase name="click_on_forgot_pass" time="9.886" classname="phonezone_TestCase.AdminTest"/>
  <testcase name="click_on_Main_Menu_btn" time="9.854" classname="phonezone_TestCase.AdminTest"/>
  <testcase name="return_to_admin_login_page" time="10.643" classname="phonezone_TestCase.AdminTest"/>
  <testcase name="admin_button_test" time="13.102" classname="phonezone_TestCase.AdminTest"/>
  <testcase name="admin_page_all_element_is_present" time="9.241" classname="phonezone_TestCase.AdminTest"/>
</testsuite> <!-- phonezone_TestCase.AdminTest -->
