<?xml version="1.0" encoding="UTF-8"?>
<!-- Generated by org.testng.reporters.JUnitReportReporter -->
<testsuite skipped="0" hostname="Deepak-PC" name="phonezoneproject.WholesalerTest" tests="1" failures="0" timestamp="14 Jan 2019 14:33:17 GMT" time="13.556" errors="0">
  <testcase name="wholesaler_button_test" time="13.556" classname="phonezoneproject.WholesalerTest"/>
</testsuite> <!-- phonezoneproject.WholesalerTest -->
