<?xml version="1.0" encoding="UTF-8"?>
<!-- Generated by org.testng.reporters.JUnitReportReporter -->
<testsuite skipped="0" hostname="Deepak-PC" name="phonezone_TestCase.Admin_PM_Add_New_Product" tests="5" failures="0" timestamp="31 Jan 2019 20:28:36 GMT" time="83.405" errors="0">
  <testcase name="edit_Add_new_category" time="3.271" classname="phonezone_TestCase.Admin_PM_Add_New_Product"/>
  <testcase name="verify_all_elements_is_exisit" time="11.169" classname="phonezone_TestCase.Admin_PM_Add_New_Product"/>
  <testcase name="click_on_submit_button_by_set_empty_feilds" time="8.414" classname="phonezone_TestCase.Admin_PM_Add_New_Product"/>
  <testcase name="enter_the_invalid_data_in_textbox" time="6.083" classname="phonezone_TestCase.Admin_PM_Add_New_Product"/>
  <testcase name="verify_the_response_text_when_status_is_set" time="54.468" classname="phonezone_TestCase.Admin_PM_Add_New_Product"/>
</testsuite> <!-- phonezone_TestCase.Admin_PM_Add_New_Product -->
