<?xml version="1.0" encoding="UTF-8"?>
<!-- Generated by org.testng.reporters.JUnitReportReporter -->
<testsuite skipped="0" hostname="Deepak-PC" name="phonezone_TestCase.Admin_Special_Order" tests="8" failures="0" timestamp="31 Jan 2019 20:28:36 GMT" time="103.207" errors="0">
  <testcase name="Verify_side_navigation_bar_special_order" time="0.765" classname="phonezone_TestCase.Admin_Special_Order"/>
  <testcase name="click_on_the_send_special_order" time="2.478" classname="phonezone_TestCase.Admin_Special_Order"/>
  <testcase name="verify_the_elements_is_exsist" time="2.455" classname="phonezone_TestCase.Admin_Special_Order"/>
  <testcase name="click_on_the_send_btn" time="0.653" classname="phonezone_TestCase.Admin_Special_Order"/>
  <testcase name="validate_the_send_button_set_feilds_empty" time="1.531" classname="phonezone_TestCase.Admin_Special_Order"/>
  <testcase name="validate_the_send_button_not_select_dropdown" time="0.903" classname="phonezone_TestCase.Admin_Special_Order"/>
  <testcase name="select_data_from_dropdown_of_select_store" time="87.703" classname="phonezone_TestCase.Admin_Special_Order"/>
  <testcase name="validate_the_send_btn" time="6.719" classname="phonezone_TestCase.Admin_Special_Order"/>
</testsuite> <!-- phonezone_TestCase.Admin_Special_Order -->
