<?xml version="1.0" encoding="UTF-8"?>
<!-- Generated by org.testng.reporters.JUnitReportReporter -->
<testsuite skipped="0" hostname="Deepak-PC" name="phonezone_TestCase.Admin_Homepage" tests="1" failures="0" timestamp="14 Jan 2019 18:56:30 GMT" time="23.666" errors="0">
  <testcase name="special_order" time="23.666" classname="phonezone_TestCase.Admin_Homepage"/>
</testsuite> <!-- phonezone_TestCase.Admin_Homepage -->
