<?xml version="1.0" encoding="UTF-8"?>
<!-- Generated by org.testng.reporters.JUnitReportReporter -->
<testsuite skipped="0" hostname="Deepak-PC" name="phonezoneproject.WholesalerTest" tests="1" failures="0" timestamp="11 Jan 2019 19:54:00 GMT" time="13.801" errors="0">
  <testcase name="wholesaler_button_test" time="13.801" classname="phonezoneproject.WholesalerTest"/>
</testsuite> <!-- phonezoneproject.WholesalerTest -->
