<?xml version="1.0" encoding="UTF-8"?>
<!-- Generated by org.testng.reporters.JUnitReportReporter -->
<testsuite skipped="0" hostname="Deepak-PC" name="phonezone_TestCase.Admin_PM_View_product" tests="5" failures="0" timestamp="31 Jan 2019 20:28:36 GMT" time="1853.674" errors="0">
  <testcase name="edit_view_product" time="3.431" classname="phonezone_TestCase.Admin_PM_View_product"/>
  <testcase name="verify_the_filterBy_and_pagination_of_view_product" time="1732.299" classname="phonezone_TestCase.Admin_PM_View_product"/>
  <testcase name="verify_the_search_functionality_of_view_product1" time="9.204" classname="phonezone_TestCase.Admin_PM_View_product"/>
  <testcase name="verify_the_Edit_update_btn" time="17.096" classname="phonezone_TestCase.Admin_PM_View_product"/>
  <testcase name="verify_the_delete_functionality" time="91.644" classname="phonezone_TestCase.Admin_PM_View_product"/>
</testsuite> <!-- phonezone_TestCase.Admin_PM_View_product -->
