<?xml version="1.0" encoding="UTF-8"?>
<!-- Generated by org.testng.reporters.JUnitReportReporter -->
<testsuite skipped="0" hostname="Deepak-PC" name="phonezone_TestCase.Admin_PM_Add_New_Category" tests="6" failures="0" timestamp="31 Jan 2019 20:28:36 GMT" time="35.052" errors="0">
  <testcase name="go_to_side_nav_bar" time="0.854" classname="phonezone_TestCase.Admin_PM_Add_New_Category"/>
  <testcase name="verify_Add_new_category_landing_page" time="1.736" classname="phonezone_TestCase.Admin_PM_Add_New_Category"/>
  <testcase name="verify_all_elements_exsist_in_Add_New_category" time="3.864" classname="phonezone_TestCase.Admin_PM_Add_New_Category"/>
  <testcase name="verify_the_submit_btn_set_empty_feilds" time="2.608" classname="phonezone_TestCase.Admin_PM_Add_New_Category"/>
  <testcase name="verify_the_add_new_category" time="13.230" classname="phonezone_TestCase.Admin_PM_Add_New_Category"/>
  <testcase name="verify_the_existing_category" time="12.760" classname="phonezone_TestCase.Admin_PM_Add_New_Category"/>
</testsuite> <!-- phonezone_TestCase.Admin_PM_Add_New_Category -->
