<?xml version="1.0" encoding="UTF-8"?>
<!-- Generated by org.testng.reporters.JUnitReportReporter -->
<testsuite skipped="0" hostname="Deepak-PC" name="test_phonezone.login_to_Admin_page" tests="1" failures="0" timestamp="11 Jan 2019 19:52:41 GMT" time="13.406" errors="0">
  <testcase name="welcome_to_Admin_page" time="13.406" classname="test_phonezone.login_to_Admin_page"/>
</testsuite> <!-- test_phonezone.login_to_Admin_page -->
