<?xml version="1.0" encoding="UTF-8"?>
<!-- Generated by org.testng.reporters.JUnitReportReporter -->
<testsuite skipped="0" hostname="Deepak-PC" name="phonezoneproject.AdminTest" tests="5" failures="0" timestamp="14 Jan 2019 14:33:17 GMT" time="52.313" errors="0">
  <testcase name="admin_page_all_element_is_present" time="8.760" classname="phonezoneproject.AdminTest"/>
  <testcase name="click_on_forgot_pass" time="10.478" classname="phonezoneproject.AdminTest"/>
  <testcase name="return_to_admin_login_page" time="10.254" classname="phonezoneproject.AdminTest"/>
  <testcase name="admin_button_test" time="13.613" classname="phonezoneproject.AdminTest"/>
  <testcase name="click_on_Main_Menu_btn" time="9.208" classname="phonezoneproject.AdminTest"/>
</testsuite> <!-- phonezoneproject.AdminTest -->
