<?xml version="1.0" encoding="UTF-8"?>
<!-- Generated by org.testng.reporters.JUnitReportReporter -->
<testsuite skipped="0" hostname="Deepak-PC" name="phonezone_TestCase.Admin_Special_Order" tests="8" failures="0" timestamp="29 Jan 2019 21:25:17 GMT" time="95.252" errors="0">
  <testcase name="Verify_side_navigation_bar_special_order" time="0.701" classname="phonezone_TestCase.Admin_Special_Order"/>
  <testcase name="click_on_the_send_special_order" time="1.910" classname="phonezone_TestCase.Admin_Special_Order"/>
  <testcase name="verify_the_elements_is_exsist" time="2.353" classname="phonezone_TestCase.Admin_Special_Order"/>
  <testcase name="click_on_the_send_btn" time="0.488" classname="phonezone_TestCase.Admin_Special_Order"/>
  <testcase name="validate_the_send_button_set_feilds_empty" time="1.396" classname="phonezone_TestCase.Admin_Special_Order"/>
  <testcase name="validate_the_send_button_not_select_dropdown" time="1.167" classname="phonezone_TestCase.Admin_Special_Order"/>
  <testcase name="select_data_from_dropdown_of_select_store" time="80.492" classname="phonezone_TestCase.Admin_Special_Order"/>
  <testcase name="validate_the_send_btn" time="6.745" classname="phonezone_TestCase.Admin_Special_Order"/>
</testsuite> <!-- phonezone_TestCase.Admin_Special_Order -->
