<?xml version="1.0" encoding="UTF-8"?>
<!-- Generated by org.testng.reporters.JUnitReportReporter -->
<testsuite skipped="0" hostname="Deepak-PC" name="phonezoneproject.StaffTest" tests="1" failures="0" timestamp="10 Jan 2019 14:47:26 GMT" time="14.471" errors="0">
  <testcase name="staff_button_test" time="14.471" classname="phonezoneproject.StaffTest"/>
</testsuite> <!-- phonezoneproject.StaffTest -->
