<?xml version="1.0" encoding="UTF-8"?>
<!-- Generated by org.testng.reporters.JUnitReportReporter -->
<testsuite skipped="0" hostname="DESKTOP-UHN4BR8" name="phonezone_TestCase.Admin_PM_Add_New_Product" tests="6" failures="0" timestamp="24 Jan 2019 10:12:38 GMT" time="401.529" errors="0">
  <testcase name="edit_Add_new_category" time="5.563" classname="phonezone_TestCase.Admin_PM_Add_New_Product"/>
  <testcase name="verify_all_elements_is_exisit" time="16.223" classname="phonezone_TestCase.Admin_PM_Add_New_Product"/>
  <testcase name="click_on_submit_button_by_set_empty_feilds" time="13.184" classname="phonezone_TestCase.Admin_PM_Add_New_Product"/>
  <testcase name="enter_the_invalid_data_in_textbox" time="9.153" classname="phonezone_TestCase.Admin_PM_Add_New_Product"/>
  <testcase name="verify_the_response_text_when_status_is_Active" time="264.808" classname="phonezone_TestCase.Admin_PM_Add_New_Product"/>
  <testcase name="verify_the_response_text_when_status_is_Inactive" time="92.598" classname="phonezone_TestCase.Admin_PM_Add_New_Product"/>
</testsuite> <!-- phonezone_TestCase.Admin_PM_Add_New_Product -->
