<?xml version="1.0" encoding="UTF-8"?>
<!-- Generated by org.testng.reporters.JUnitReportReporter -->
<testsuite skipped="0" hostname="Deepak-PC" name="phonezoneproject.StaffTest" tests="1" failures="0" timestamp="10 Jan 2019 19:34:19 GMT" time="16.960" errors="0">
  <testcase name="staff_button_test" time="16.960" classname="phonezoneproject.StaffTest"/>
</testsuite> <!-- phonezoneproject.StaffTest -->
