<?xml version="1.0" encoding="UTF-8"?>
<!-- Generated by org.testng.reporters.JUnitReportReporter -->
<testsuite skipped="0" hostname="Deepak-PC" name="phonezoneproject.AdminTest" tests="1" failures="0" timestamp="10 Jan 2019 19:34:19 GMT" time="19.241" errors="0">
  <testcase name="admin_button_test" time="19.241" classname="phonezoneproject.AdminTest"/>
</testsuite> <!-- phonezoneproject.AdminTest -->
