<?xml version="1.0" encoding="UTF-8"?>
<!-- Generated by org.testng.reporters.JUnitReportReporter -->
<testsuite skipped="0" hostname="Amvrin-PC" name="phonezoneproject.Savecart" tests="1" failures="0" timestamp="23 Jan 2019 20:08:07 GMT" time="52.322" errors="0">
  <testcase name="cart" time="52.322" classname="phonezoneproject.Savecart"/>
</testsuite> <!-- phonezoneproject.Savecart -->
