<?xml version="1.0" encoding="UTF-8"?>
<!-- Generated by org.testng.reporters.JUnitReportReporter -->
<testsuite skipped="0" hostname="Deepak-PC" name="phonezone_TestCase.Admin_PM_View_Category" tests="6" failures="0" timestamp="29 Jan 2019 21:25:17 GMT" time="175.330" errors="0">
  <testcase name="edit_view_category" time="2.692" classname="phonezone_TestCase.Admin_PM_View_Category"/>
  <testcase name="verify_the_pagination_of_searching_records" time="28.268" classname="phonezone_TestCase.Admin_PM_View_Category"/>
  <testcase name="verify_the_filterby_and_pagination_dropdown" time="88.684" classname="phonezone_TestCase.Admin_PM_View_Category"/>
  <testcase name="verify_the_search_functionality" time="3.531" classname="phonezone_TestCase.Admin_PM_View_Category"/>
  <testcase name="verify_the_update_edit_btn_in_view_category" time="9.701" classname="phonezone_TestCase.Admin_PM_View_Category"/>
  <testcase name="verify_the_delete_functionality" time="42.454" classname="phonezone_TestCase.Admin_PM_View_Category"/>
</testsuite> <!-- phonezone_TestCase.Admin_PM_View_Category -->
