<?xml version="1.0" encoding="UTF-8"?>
<!-- Generated by org.testng.reporters.JUnitReportReporter -->
<testsuite skipped="0" hostname="Amvrin-PC" name="phonezoneproject.Pagination" tests="2" failures="0" timestamp="23 Jan 2019 22:04:48 GMT" time="592.473" errors="0">
  <testcase name="wholeseller" time="299.445" classname="phonezoneproject.Pagination"/>
  <testcase name="staff" time="293.028" classname="phonezoneproject.Pagination"/>
</testsuite> <!-- phonezoneproject.Pagination -->
