<?xml version="1.0" encoding="UTF-8"?>
<!-- Generated by org.testng.reporters.JUnitReportReporter -->
<testsuite skipped="0" hostname="Deepak-PC" name="PZ_end_to_end_test.StaffDashboardTest" tests="11" failures="0" timestamp="25 Jan 2019 20:53:59 GMT" time="60.070" errors="0">
  <testcase name="login_to_Admin_page" time="7.818" classname="PZ_end_to_end_test.StaffDashboardTest"/>
  <testcase name="staffLogin_and_StoreSelector" time="0.189" classname="PZ_end_to_end_test.StaffDashboardTest"/>
  <testcase name="NavigateToDashboardViaTopMenu" time="6.343" classname="PZ_end_to_end_test.StaffDashboardTest"/>
  <testcase name="StockTakeMenu" time="4.074" classname="PZ_end_to_end_test.StaffDashboardTest"/>
  <testcase name="SortByBarcodeAscending" time="2.868" classname="PZ_end_to_end_test.StaffDashboardTest"/>
  <testcase name="SortByBarcodeDescending" time="2.867" classname="PZ_end_to_end_test.StaffDashboardTest"/>
  <testcase name="SortByTitleAscending" time="2.872" classname="PZ_end_to_end_test.StaffDashboardTest"/>
  <testcase name="SortByTitleDescending" time="3.001" classname="PZ_end_to_end_test.StaffDashboardTest"/>
  <testcase name="SearchProductByName" time="10.150" classname="PZ_end_to_end_test.StaffDashboardTest"/>
  <testcase name="SendStock" time="0.000" classname="PZ_end_to_end_test.StaffDashboardTest"/>
  <testcase name="DownloadStockTake" time="19.888" classname="PZ_end_to_end_test.StaffDashboardTest"/>
</testsuite> <!-- PZ_end_to_end_test.StaffDashboardTest -->
