<?xml version="1.0" encoding="UTF-8"?>
<!-- Generated by org.testng.reporters.JUnitReportReporter -->
<testsuite skipped="0" hostname="Amvrin-PC" name="phonezoneproject.Wpno" tests="1" failures="0" timestamp="23 Jan 2019 22:07:58 GMT" time="37.465" errors="0">
  <testcase name="wsp" time="37.465" classname="phonezoneproject.Wpno"/>
</testsuite> <!-- phonezoneproject.Wpno -->
