<?xml version="1.0" encoding="UTF-8"?>
<!-- Generated by org.testng.reporters.JUnitReportReporter -->
<testsuite skipped="0" hostname="Deepak-PC" name="PZ_end_to_end_test.Admin_PM_View_Category" tests="10" failures="0" timestamp="28 Jan 2019 18:12:05 GMT" time="280.975" errors="0">
  <testcase name="login_to_Admin_page" time="9.750" classname="PZ_end_to_end_test.Admin_PM_View_Category"/>
  <testcase name="go_to_side_nav_bar" time="1.382" classname="PZ_end_to_end_test.Admin_PM_View_Category"/>
  <testcase name="verify_the_add_new_category" time="14.933" classname="PZ_end_to_end_test.Admin_PM_View_Category"/>
  <testcase name="verify_the_existing_category" time="14.086" classname="PZ_end_to_end_test.Admin_PM_View_Category"/>
  <testcase name="edit_view_category" time="4.015" classname="PZ_end_to_end_test.Admin_PM_View_Category"/>
  <testcase name="verify_the_pagination_of_searching_records" time="45.619" classname="PZ_end_to_end_test.Admin_PM_View_Category"/>
  <testcase name="verify_the_filterby_and_pagination_dropdown" time="125.145" classname="PZ_end_to_end_test.Admin_PM_View_Category"/>
  <testcase name="verify_the_search_functionality" time="6.231" classname="PZ_end_to_end_test.Admin_PM_View_Category"/>
  <testcase name="verify_the_update_edit_btn_in_view_category" time="14.255" classname="PZ_end_to_end_test.Admin_PM_View_Category"/>
  <testcase name="verify_the_delete_functionality" time="45.559" classname="PZ_end_to_end_test.Admin_PM_View_Category"/>
</testsuite> <!-- PZ_end_to_end_test.Admin_PM_View_Category -->
