<?xml version="1.0" encoding="UTF-8"?>
<!-- Generated by org.testng.reporters.JUnitReportReporter -->
<testsuite skipped="0" hostname="Deepak-PC" name="phonezoneproject.WholesalerTest" tests="1" failures="0" timestamp="10 Jan 2019 19:34:19 GMT" time="19.686" errors="0">
  <testcase name="wholesaler_button_test" time="19.686" classname="phonezoneproject.WholesalerTest"/>
</testsuite> <!-- phonezoneproject.WholesalerTest -->
