<?xml version="1.0" encoding="UTF-8"?>
<!-- Generated by org.testng.reporters.JUnitReportReporter -->
<testsuite skipped="0" hostname="Deepak-PC" name="PZ_end_to_end_test.StaffDashboardTest" tests="11" failures="0" timestamp="25 Jan 2019 20:21:14 GMT" time="59.678" errors="0">
  <testcase name="login_to_Admin_page" time="7.678" classname="PZ_end_to_end_test.StaffDashboardTest"/>
  <testcase name="staffLogin_and_StoreSelector" time="0.185" classname="PZ_end_to_end_test.StaffDashboardTest"/>
  <testcase name="NavigateToDashboardViaTopMenu" time="6.237" classname="PZ_end_to_end_test.StaffDashboardTest"/>
  <testcase name="StockTakeMenu" time="3.871" classname="PZ_end_to_end_test.StaffDashboardTest"/>
  <testcase name="SortByBarcodeAscending" time="2.876" classname="PZ_end_to_end_test.StaffDashboardTest"/>
  <testcase name="SortByBarcodeDescending" time="2.867" classname="PZ_end_to_end_test.StaffDashboardTest"/>
  <testcase name="SortByTitleAscending" time="2.902" classname="PZ_end_to_end_test.StaffDashboardTest"/>
  <testcase name="SortByTitleDescending" time="2.882" classname="PZ_end_to_end_test.StaffDashboardTest"/>
  <testcase name="SearchProductByName" time="10.215" classname="PZ_end_to_end_test.StaffDashboardTest"/>
  <testcase name="SendStock" time="0.000" classname="PZ_end_to_end_test.StaffDashboardTest"/>
  <testcase name="DownloadStockTake" time="19.965" classname="PZ_end_to_end_test.StaffDashboardTest"/>
</testsuite> <!-- PZ_end_to_end_test.StaffDashboardTest -->
