<?xml version="1.0" encoding="UTF-8"?>
<!-- Generated by org.testng.reporters.JUnitReportReporter -->
<testsuite skipped="0" hostname="DESKTOP-UHN4BR8" name="phonezone_TestCase.Admin_Special_Order" tests="8" failures="0" timestamp="24 Jan 2019 10:12:38 GMT" time="151.228" errors="0">
  <testcase name="Verify_side_navigation_bar_special_order" time="1.899" classname="phonezone_TestCase.Admin_Special_Order"/>
  <testcase name="click_on_the_send_special_order" time="15.777" classname="phonezone_TestCase.Admin_Special_Order"/>
  <testcase name="verify_the_elements_is_exsist" time="3.325" classname="phonezone_TestCase.Admin_Special_Order"/>
  <testcase name="click_on_the_send_btn" time="0.823" classname="phonezone_TestCase.Admin_Special_Order"/>
  <testcase name="validate_the_send_button_set_feilds_empty" time="1.519" classname="phonezone_TestCase.Admin_Special_Order"/>
  <testcase name="validate_the_send_button_not_select_dropdown" time="1.938" classname="phonezone_TestCase.Admin_Special_Order"/>
  <testcase name="select_data_from_dropdown_of_select_store" time="90.531" classname="phonezone_TestCase.Admin_Special_Order"/>
  <testcase name="validate_the_send_btn" time="35.416" classname="phonezone_TestCase.Admin_Special_Order"/>
</testsuite> <!-- phonezone_TestCase.Admin_Special_Order -->
