<?xml version="1.0" encoding="UTF-8"?>
<!-- Generated by org.testng.reporters.JUnitReportReporter -->
<testsuite skipped="0" hostname="Deepak-PC" name="PZ_end_to_end_test.Viewcart" tests="1" failures="0" timestamp="24 Jan 2019 23:05:19 GMT" time="14.221" errors="0">
  <testcase name="cartview" time="14.221" classname="PZ_end_to_end_test.Viewcart"/>
</testsuite> <!-- PZ_end_to_end_test.Viewcart -->
