<?xml version="1.0" encoding="UTF-8"?>
<!-- Generated by org.testng.reporters.JUnitReportReporter -->
<testsuite skipped="0" hostname="DESKTOP-UHN4BR8" name="phonezone_TestCase.Admin_PM_Add_New_Category" tests="5" failures="0" timestamp="24 Jan 2019 10:12:38 GMT" time="1226.993" errors="0">
  <testcase name="go_to_side_nav_bar" time="1.573" classname="phonezone_TestCase.Admin_PM_Add_New_Category"/>
  <testcase name="edit_Add_new_category" time="37.528" classname="phonezone_TestCase.Admin_PM_Add_New_Category"/>
  <testcase name="verify_all_elements_exsist_in_Add_New_category" time="7.546" classname="phonezone_TestCase.Admin_PM_Add_New_Category"/>
  <testcase name="verify_the_submit_btn_set_empty_feilds" time="3.950" classname="phonezone_TestCase.Admin_PM_Add_New_Category"/>
  <testcase name="verify_the_submit_btn_set_all_feilds" time="1176.396" classname="phonezone_TestCase.Admin_PM_Add_New_Category"/>
</testsuite> <!-- phonezone_TestCase.Admin_PM_Add_New_Category -->
