<?xml version="1.0" encoding="UTF-8"?>
<!-- Generated by org.testng.reporters.JUnitReportReporter -->
<testsuite skipped="0" hostname="ABHEY-BANSAL" name="phonezoneproject.AdminTest" tests="1" failures="0" timestamp="10 Jan 2019 23:10:22 GMT" time="30.179" errors="0">
  <testcase name="admin_button_test" time="30.179" classname="phonezoneproject.AdminTest"/>
</testsuite> <!-- phonezoneproject.AdminTest -->
