<?xml version="1.0" encoding="UTF-8"?>
<!-- Generated by org.testng.reporters.JUnitReportReporter -->
<testsuite skipped="0" hostname="ABHEY-BANSAL" name="phonezoneproject.WholesalerTest" tests="2" failures="0" timestamp="10 Jan 2019 23:10:22 GMT" time="22.284" errors="0">
  <testcase name="wholesaler_button_test" time="13.536" classname="phonezoneproject.WholesalerTest"/>
  <testcase name="verifyWholeSellerScreen" time="8.748" classname="phonezoneproject.WholesalerTest"/>
</testsuite> <!-- phonezoneproject.WholesalerTest -->
